android/.build/outputs/logs/manifest-merger-debug-report.txt
-- Merging decision tree log ---
manifest
ADDED from leviosa/android/AndroidManifest.xml:2:1-76:12
	package
		ADDED from leviosa/android/AndroidManifest.xml:2:11-43
	android:versionName
		ADDED from leviosa/android/AndroidManifest.xml:2:103-128
		INJECTED from leviosa/android/AndroidManifest.xml
		INJECTED from leviosa/android/AndroidManifest.xml
	android:versionCode
		ADDED from leviosa/android/AndroidManifest.xml:2:129-152
		INJECTED from leviosa/android/AndroidManifest.xml
		INJECTED from leviosa/android/AndroidManifest.xml
	xmlns:android
		ADDED from leviosa/android/AndroidManifest.xml:2:44-102
	android:installLocation
		ADDED from leviosa/android/AndroidManifest.xml:2:153-183
application
ADDED from leviosa/android/AndroidManifest.xml:3:5-63:19
	android:label
		ADDED from leviosa/android/AndroidManifest.xml:3:117-158
	android:hardwareAccelerated
		ADDED from leviosa/android/AndroidManifest.xml:3:18-52
	android:name
		ADDED from leviosa/android/AndroidManifest.xml:3:53-116
activity#com.atlascoder.leviosa.MainActivity
ADDED from leviosa/android/AndroidManifest.xml:5:9-61:16
	android:screenOrientation
		ADDED from leviosa/android/AndroidManifest.xml:5:266-302
	android:label
		ADDED from leviosa/android/AndroidManifest.xml:5:224-265
	android:launchMode
		ADDED from leviosa/android/AndroidManifest.xml:5:303-333
	android:configChanges
		ADDED from leviosa/android/AndroidManifest.xml:5:19-172
	android:name
		ADDED from leviosa/android/AndroidManifest.xml:5:173-223
intent-filter#android.intent.action.MAIN+android.intent.category.LAUNCHER
ADDED from leviosa/android/AndroidManifest.xml:6:13-9:29
action#android.intent.action.MAIN
ADDED from leviosa/android/AndroidManifest.xml:7:17-68
	android:name
		ADDED from leviosa/android/AndroidManifest.xml:7:25-66
category#android.intent.category.LAUNCHER
ADDED from leviosa/android/AndroidManifest.xml:8:17-76
	android:name
		ADDED from leviosa/android/AndroidManifest.xml:8:27-74
meta-data#android.app.lib_name
ADDED from leviosa/android/AndroidManifest.xml:15:13-107
	android:value
		ADDED from leviosa/android/AndroidManifest.xml:15:60-105
	android:name
		ADDED from leviosa/android/AndroidManifest.xml:15:24-59
meta-data#android.app.qt_sources_resource_id
ADDED from leviosa/android/AndroidManifest.xml:16:13-112
	android:resource
		ADDED from leviosa/android/AndroidManifest.xml:16:74-110
	android:name
		ADDED from leviosa/android/AndroidManifest.xml:16:24-73
meta-data#android.app.repository
ADDED from leviosa/android/AndroidManifest.xml:17:13-87
	android:value
		ADDED from leviosa/android/AndroidManifest.xml:17:62-85
	android:name
		ADDED from leviosa/android/AndroidManifest.xml:17:24-61
meta-data#android.app.qt_libs_resource_id
ADDED from leviosa/android/AndroidManifest.xml:18:13-106
	android:resource
		ADDED from leviosa/android/AndroidManifest.xml:18:71-104
	android:name
		ADDED from leviosa/android/AndroidManifest.xml:18:24-70
meta-data#android.app.bundled_libs_resource_id
ADDED from leviosa/android/AndroidManifest.xml:19:13-116
	android:resource
		ADDED from leviosa/android/AndroidManifest.xml:19:76-114
	android:name
		ADDED from leviosa/android/AndroidManifest.xml:19:24-75
meta-data#android.app.bundle_local_qt_libs
ADDED from leviosa/android/AndroidManifest.xml:21:13-120
	android:value
		ADDED from leviosa/android/AndroidManifest.xml:21:72-118
	android:name
		ADDED from leviosa/android/AndroidManifest.xml:21:24-71
meta-data#android.app.bundled_in_lib_resource_id
ADDED from leviosa/android/AndroidManifest.xml:22:13-120
	android:resource
		ADDED from leviosa/android/AndroidManifest.xml:22:78-118
	android:name
		ADDED from leviosa/android/AndroidManifest.xml:22:24-77
meta-data#android.app.bundled_in_assets_resource_id
ADDED from leviosa/android/AndroidManifest.xml:23:13-126
	android:resource
		ADDED from leviosa/android/AndroidManifest.xml:23:81-124
	android:name
		ADDED from leviosa/android/AndroidManifest.xml:23:24-80
meta-data#android.app.use_local_qt_libs
ADDED from leviosa/android/AndroidManifest.xml:25:13-114
	android:value
		ADDED from leviosa/android/AndroidManifest.xml:25:69-112
	android:name
		ADDED from leviosa/android/AndroidManifest.xml:25:24-68
meta-data#android.app.libs_prefix
ADDED from leviosa/android/AndroidManifest.xml:26:13-100
	android:value
		ADDED from leviosa/android/AndroidManifest.xml:26:63-98
	android:name
		ADDED from leviosa/android/AndroidManifest.xml:26:24-62
meta-data#android.app.load_local_libs
ADDED from leviosa/android/AndroidManifest.xml:27:13-112
	android:value
		ADDED from leviosa/android/AndroidManifest.xml:27:67-110
	android:name
		ADDED from leviosa/android/AndroidManifest.xml:27:24-66
meta-data#android.app.load_local_jars
ADDED from leviosa/android/AndroidManifest.xml:28:13-112
	android:value
		ADDED from leviosa/android/AndroidManifest.xml:28:67-110
	android:name
		ADDED from leviosa/android/AndroidManifest.xml:28:24-66
meta-data#android.app.static_init_classes
ADDED from leviosa/android/AndroidManifest.xml:29:13-118
	android:value
		ADDED from leviosa/android/AndroidManifest.xml:29:71-116
	android:name
		ADDED from leviosa/android/AndroidManifest.xml:29:24-70
meta-data#android.app.ministro_not_found_msg
ADDED from leviosa/android/AndroidManifest.xml:31:13-122
	android:value
		ADDED from leviosa/android/AndroidManifest.xml:31:24-70
	android:name
		ADDED from leviosa/android/AndroidManifest.xml:31:71-120
meta-data#android.app.ministro_needed_msg
ADDED from leviosa/android/AndroidManifest.xml:32:13-116
	android:value
		ADDED from leviosa/android/AndroidManifest.xml:32:24-67
	android:name
		ADDED from leviosa/android/AndroidManifest.xml:32:68-114
meta-data#android.app.fatal_error_msg
ADDED from leviosa/android/AndroidManifest.xml:33:13-108
	android:value
		ADDED from leviosa/android/AndroidManifest.xml:33:24-63
	android:name
		ADDED from leviosa/android/AndroidManifest.xml:33:64-106
meta-data#android.app.background_running
ADDED from leviosa/android/AndroidManifest.xml:46:13-93
	android:value
		ADDED from leviosa/android/AndroidManifest.xml:46:70-91
	android:name
		ADDED from leviosa/android/AndroidManifest.xml:46:24-69
meta-data#android.app.auto_screen_scale_factor
ADDED from leviosa/android/AndroidManifest.xml:50:13-99
	android:value
		ADDED from leviosa/android/AndroidManifest.xml:50:76-97
	android:name
		ADDED from leviosa/android/AndroidManifest.xml:50:24-75
meta-data#android.app.extract_android_style
ADDED from leviosa/android/AndroidManifest.xml:59:13-95
	android:value
		ADDED from leviosa/android/AndroidManifest.xml:59:73-93
	android:name
		ADDED from leviosa/android/AndroidManifest.xml:59:24-72
uses-sdk
ADDED from leviosa/android/AndroidManifest.xml:65:5-73
	android:targetSdkVersion
		ADDED from leviosa/android/AndroidManifest.xml:65:42-71
	android:minSdkVersion
		ADDED from leviosa/android/AndroidManifest.xml:65:15-41
supports-screens
ADDED from leviosa/android/AndroidManifest.xml:66:5-135
	android:largeScreens
		ADDED from leviosa/android/AndroidManifest.xml:66:23-50
	android:smallScreens
		ADDED from leviosa/android/AndroidManifest.xml:66:106-133
	android:normalScreens
		ADDED from leviosa/android/AndroidManifest.xml:66:51-79
	android:anyDensity
		ADDED from leviosa/android/AndroidManifest.xml:66:80-105